Building DAG of jobs...
Using shell: /usr/bin/bash
Provided cores: 1 (use --cores to define parallelism)
Rules claiming more threads will be scaled down.
Job counts:
	count	jobs
	1	align
	1	all
	1	ancestral
	1	export
	1	filter
	1	refine
	1	traits
	1	translate
	1	tree
	9

[Fri Dec 27 09:37:30 2024]
Job 8: 
        Filtering to
          - from 1990 onwards
        

[Fri Dec 27 09:37:30 2024]
Finished job 8.
1 of 9 steps (11%) done

[Fri Dec 27 09:37:30 2024]
Job 7: 
        Aligning sequences to config/WNV_reference.gb
          - filling gaps with N
        

[Fri Dec 27 09:56:18 2024]
Finished job 7.
2 of 9 steps (22%) done

[Fri Dec 27 09:56:18 2024]
Job 6: Building tree

[Fri Dec 27 09:56:19 2024]
Error in rule tree:
    jobid: 6
    output: results/tree_raw.nwk
    shell:
        
        augur tree             --alignment results/aligned.fasta             --output results/tree_raw.nwk
        
        (one of the commands exited with non-zero exit code; note that snakemake uses bash strict mode!)

Shutting down, this might take some time.
Exiting because a job execution failed. Look above for error message
Complete log: /home/fauverlab/nextstrain/WNV_build_test/.snakemake/log/2024-12-27T093730.150334.snakemake.log
