Building DAG of jobs...
Using shell: /usr/bin/bash
Provided cores: 1 (use --cores to define parallelism)
Rules claiming more threads will be scaled down.
Job counts:
	count	jobs
	1	all
	1	export
	2

[Tue Dec 31 11:29:32 2024]
rule export:
    input: results/tree.nwk, data/updated_metadata.tsv, results/branch_lengths.json, results/traits.json, results/nt_muts.json, results/aa_muts.json, config/colors.tsv, config/lat_longs.tsv, config/auspice_config.json
    output: results/WNV_NA.json
    log: logs/export.log
    jobid: 1


        augur export v2             --tree results/tree.nwk             --metadata data/updated_metadata.tsv             --node-data results/branch_lengths.json results/traits.json results/nt_muts.json results/aa_muts.json             --colors config/colors.tsv             --lat-longs config/lat_longs.tsv             --auspice-config config/auspice_config.json             --include-root-sequence             --output results/WNV_NA.json 2> logs/export.log
        
[Tue Dec 31 11:29:35 2024]
Finished job 1.
1 of 2 steps (50%) done

[Tue Dec 31 11:29:35 2024]
localrule all:
    input: results/WNV_NA.json
    jobid: 0

[Tue Dec 31 11:29:35 2024]
Finished job 0.
2 of 2 steps (100%) done
Complete log: /home/fauverlab/nextstrain/WNV_build_test/.snakemake/log/2024-12-31T112932.975812.snakemake.log
