Building DAG of jobs...
Using shell: /home/fauverlab/.nextstrain/runtimes/conda/env/bin/bash
Provided cores: 1 (use --cores to define parallelism)
Rules claiming more threads will be scaled down.
Job stats:
job                count
---------------  -------
align                  1
all                    1
ancestral              1
export                 1
filter                 1
index_sequences        1
refine                 1
traits                 1
translate              1
tree                   1
total                 10

Select jobs to execute...

[Thu Dec 19 14:04:55 2024]
Job 6: 
        Creating an index of sequence composition for filtering.
        
Reason: Missing output files: results/sequence_index.tsv


        augur index             --sequences data/sequences.fasta             --output results/sequence_index.tsv
        
[Thu Dec 19 14:04:56 2024]
Finished job 6.
1 of 10 steps (10%) done
Select jobs to execute...

[Thu Dec 19 14:04:56 2024]
Job 5: 
        Filtering to
          - from 1990 onwards
          - excluding strains in config/dropped_strains.txt
        
Reason: Missing output files: results/filtered.fasta; Input files updated by another job: results/sequence_index.tsv; Code has changed since last execution; Params have changed since last execution


        augur filter             --sequences data/sequences.fasta             --sequence-index results/sequence_index.tsv             --metadata data/metadata.tsv             --exclude config/dropped_strains.txt             --output results/filtered.fasta             --min-date 1990
        
[Thu Dec 19 14:04:57 2024]
Finished job 5.
2 of 10 steps (20%) done
Select jobs to execute...

[Thu Dec 19 14:04:57 2024]
Job 4: 
        Aligning sequences to config/WNV_reference.gb
          - filling gaps with N
        
Reason: Missing output files: results/aligned.fasta; Input files updated by another job: results/filtered.fasta


        augur align             --sequences results/filtered.fasta             --reference-sequence config/WNV_reference.gb             --output results/aligned.fasta             --fill-gaps
        
Terminating processes on user request, this might take some time.
[Thu Dec 19 14:05:03 2024]
Error in rule align:
    jobid: 4
    input: results/filtered.fasta, config/WNV_reference.gb
    output: results/aligned.fasta
    shell:
        
        augur align             --sequences results/filtered.fasta             --reference-sequence config/WNV_reference.gb             --output results/aligned.fasta             --fill-gaps
        
        (one of the commands exited with non-zero exit code; note that snakemake uses bash strict mode!)

Complete log: .snakemake/log/2024-12-19T140455.158936.snakemake.log
