Building DAG of jobs...
Using shell: /home/fauverlab/.nextstrain/runtimes/conda/env/bin/bash
Provided cores: 1 (use --cores to define parallelism)
Rules claiming more threads will be scaled down.
Job stats:
job                count
---------------  -------
align                  1
all                    1
ancestral              1
export                 1
filter                 1
index_sequences        1
refine                 1
traits                 1
translate              1
tree                   1
total                 10

Select jobs to execute...

[Thu Dec 19 14:04:17 2024]
Job 6: 
        Creating an index of sequence composition for filtering.
        
Reason: Missing output files: results/sequence_index.tsv


        augur index             --sequences data/sequences.fasta             --output results/sequence_index.tsv
        
[Thu Dec 19 14:04:18 2024]
Finished job 6.
1 of 10 steps (10%) done
Select jobs to execute...
RuleException in rule filter in file /home/fauverlab/nextstrain/WNV_build/Snakefile, line 29:
AttributeError: 'Params' object has no attribute 'sequences_per_group', when formatting the following:

        Filtering to
          - {params.sequences_per_group} sequence(s) per {params.group_by!s}
          - from {params.min_date} onwards
          - excluding strains in {input.exclude}
        
