Building DAG of jobs...
Using shell: /usr/bin/bash
Provided cores: 1 (use --cores to define parallelism)
Rules claiming more threads will be scaled down.
Job counts:
	count	jobs
	1	align
	1	all
	1	ancestral
	1	export
	1	filter
	1	refine
	1	traits
	1	translate
	1	tree
	9

[Fri Dec 27 09:28:15 2024]
Job 8: 
        Filtering to
          - from 1990 onwards
        

[Fri Dec 27 09:28:15 2024]
Error in rule filter:
    jobid: 8
    output: results/filtered.fasta
    shell:
        
        augur filter             --sequences data/sequences.fasta             --sequence-index results/sequence_index.tsv             --metadata data/updated_metadata.tsv             --output results/filtered.fasta             --min-date 1990
        
        (one of the commands exited with non-zero exit code; note that snakemake uses bash strict mode!)

Shutting down, this might take some time.
Exiting because a job execution failed. Look above for error message
Complete log: /home/fauverlab/nextstrain/WNV_build_test/.snakemake/log/2024-12-27T092815.030502.snakemake.log
