Building DAG of jobs...
Using shell: /usr/bin/bash
Provided cores: 1 (use --cores to define parallelism)
Rules claiming more threads will be scaled down.
Job counts:
	count	jobs
	1	align
	1	all
	1	ancestral
	1	export
	1	refine
	1	traits
	1	translate
	1	tree
	8

[Mon Jan  6 15:24:34 2025]
rule align:
    input: data/sequences.fasta, config/WNV_reference.gb
    output: results/aligned.fasta
    log: logs/align.log
    jobid: 7

[Mon Jan  6 15:39:48 2025]
Finished job 7.
1 of 8 steps (12%) done

[Mon Jan  6 15:39:48 2025]
rule tree:
    input: results/aligned.fasta
    output: results/tree_raw.nwk
    log: logs/tree.log
    jobid: 6

[Mon Jan  6 17:38:25 2025]
Finished job 6.
2 of 8 steps (25%) done

[Mon Jan  6 17:38:25 2025]
rule refine:
    input: results/tree_raw.nwk, results/aligned.fasta, data/updated_metadata.tsv
    output: results/tree.nwk, results/branch_lengths.json
    log: logs/refine.log
    jobid: 2

[Mon Jan  6 17:56:48 2025]
Finished job 2.
3 of 8 steps (38%) done

[Mon Jan  6 17:56:48 2025]
rule ancestral:
    input: results/tree.nwk, results/aligned.fasta
    output: results/nt_muts.json
    log: logs/ancestral.log
    jobid: 4

[Mon Jan  6 17:57:42 2025]
Finished job 4.
4 of 8 steps (50%) done

[Mon Jan  6 17:57:42 2025]
rule translate:
    input: results/tree.nwk, results/nt_muts.json, config/WNV_reference.gb
    output: results/aa_muts.json
    log: logs/translate.log
    jobid: 5

[Mon Jan  6 17:57:48 2025]
Finished job 5.
5 of 8 steps (62%) done

[Mon Jan  6 17:57:48 2025]
rule traits:
    input: results/tree.nwk, data/updated_metadata.tsv
    output: results/traits.json
    log: logs/traits.log
    jobid: 3

[Mon Jan  6 18:02:43 2025]
Finished job 3.
6 of 8 steps (75%) done

[Mon Jan  6 18:02:43 2025]
rule export:
    input: results/tree.nwk, data/updated_metadata.tsv, results/branch_lengths.json, results/traits.json, results/nt_muts.json, results/aa_muts.json, config/colors_clean.tsv, config/lat_longs_clean.tsv, config/auspice_config.json
    output: results/WNV_NA.json
    log: logs/export.log
    jobid: 1

[Mon Jan  6 18:02:50 2025]
Finished job 1.
7 of 8 steps (88%) done

[Mon Jan  6 18:02:50 2025]
localrule all:
    input: results/WNV_NA.json
    jobid: 0

[Mon Jan  6 18:02:50 2025]
Finished job 0.
8 of 8 steps (100%) done
Complete log: /home/fauverlab/nextstrain/WNV_build_test/.snakemake/log/2025-01-06T152434.467989.snakemake.log
