Building DAG of jobs...
Using shell: /usr/bin/bash
Provided cores: 1 (use --cores to define parallelism)
Rules claiming more threads will be scaled down.
Job counts:
	count	jobs
	1	all
	1	ancestral
	1	export
	1	refine
	1	traits
	1	translate
	6

[Mon Jan  6 13:26:50 2025]
rule refine:
    input: results/tree_raw.nwk, results/aligned.fasta, data/updated_metadata.tsv
    output: results/tree.nwk, results/branch_lengths.json
    log: logs/refine.log
    jobid: 2

Terminating processes on user request, this might take some time.
[Mon Jan  6 13:27:22 2025]
Error in rule refine:
    jobid: 2
    output: results/tree.nwk, results/branch_lengths.json
    log: logs/refine.log (check log file(s) for error message)
    shell:
        
        augur refine             --tree results/tree_raw.nwk             --alignment results/aligned.fasta             --metadata data/updated_metadata.tsv             --output-tree results/tree.nwk             --output-node-data results/branch_lengths.json             --timetree             --date-confidence         
        (one of the commands exited with non-zero exit code; note that snakemake uses bash strict mode!)

Complete log: /home/fauverlab/nextstrain/WNV_build_test/.snakemake/log/2025-01-06T132650.538047.snakemake.log
