Building DAG of jobs...
Using shell: /usr/bin/bash
Provided cores: 1 (use --cores to define parallelism)
Rules claiming more threads will be scaled down.
Job counts:
	count	jobs
	1	all
	1	export
	2

[Thu Jan  9 07:14:30 2025]
rule export:
    input: results/tree.nwk, data/metadata.tsv, results/branch_lengths.json, results/traits.json, results/nt_muts.json, results/aa_muts.json, results/colors.tsv, config/lat_longs_clean.tsv, config/auspice_config.json
    output: results/WNV_NA.json
    log: logs/export.log
    jobid: 1

[Thu Jan  9 07:14:35 2025]
Finished job 1.
1 of 2 steps (50%) done

[Thu Jan  9 07:14:35 2025]
localrule all:
    input: results/WNV_NA.json
    jobid: 0

[Thu Jan  9 07:14:35 2025]
Finished job 0.
2 of 2 steps (100%) done
Complete log: /home/fauverlab/nextstrain/WNV_build_test/.snakemake/log/2025-01-09T071430.729532.snakemake.log
