Building DAG of jobs...
Using shell: /usr/bin/bash
Provided cores: 1 (use --cores to define parallelism)
Rules claiming more threads will be scaled down.
Job counts:
	count	jobs
	1	all
	1	ancestral
	1	export
	1	refine
	1	traits
	1	translate
	6

[Fri Jan  3 12:21:14 2025]
rule refine:
    input: results/tree_raw.nwk, results/aligned.fasta, data/updated_metadata.tsv
    output: results/tree.nwk, results/branch_lengths.json
    log: logs/refine.log
    jobid: 2

[Fri Jan  3 12:38:01 2025]
Finished job 2.
1 of 6 steps (17%) done

[Fri Jan  3 12:38:01 2025]
rule ancestral:
    input: results/tree.nwk, results/aligned.fasta
    output: results/nt_muts.json
    log: logs/ancestral.log
    jobid: 4

[Fri Jan  3 12:38:50 2025]
Finished job 4.
2 of 6 steps (33%) done

[Fri Jan  3 12:38:50 2025]
rule translate:
    input: results/tree.nwk, results/nt_muts.json, config/WNV_reference.gb
    output: results/aa_muts.json
    log: logs/translate.log
    jobid: 5

[Fri Jan  3 12:38:56 2025]
Finished job 5.
3 of 6 steps (50%) done

[Fri Jan  3 12:38:56 2025]
rule traits:
    input: results/tree.nwk, data/updated_metadata.tsv
    output: results/traits.json
    log: logs/traits.log
    jobid: 3

[Fri Jan  3 12:38:56 2025]
Finished job 3.
4 of 6 steps (67%) done

[Fri Jan  3 12:38:56 2025]
rule export:
    input: results/tree.nwk, data/updated_metadata.tsv, results/branch_lengths.json, results/traits.json, results/nt_muts.json, results/aa_muts.json, config/colors_clean.tsv, config/lat_longs_clean.tsv, config/auspice_config.json
    output: results/WNV_NA.json
    log: logs/export.log
    jobid: 1

[Fri Jan  3 12:39:00 2025]
Finished job 1.
5 of 6 steps (83%) done

[Fri Jan  3 12:39:00 2025]
localrule all:
    input: results/WNV_NA.json
    jobid: 0

[Fri Jan  3 12:39:00 2025]
Finished job 0.
6 of 6 steps (100%) done
Complete log: /home/fauverlab/nextstrain/WNV_build_test/.snakemake/log/2025-01-03T122114.417728.snakemake.log
