Building DAG of jobs...
Using shell: /usr/bin/bash
Provided cores: 1 (use --cores to define parallelism)
Rules claiming more threads will be scaled down.
Job counts:
	count	jobs
	1	all
	1	ancestral
	1	export
	1	traits
	1	translate
	5

[Mon Jan  6 13:15:31 2025]
rule ancestral:
    input: results/tree.nwk, results/aligned.fasta
    output: results/nt_muts.json
    log: logs/ancestral.log
    jobid: 4

[Mon Jan  6 13:16:23 2025]
Finished job 4.
1 of 5 steps (20%) done

[Mon Jan  6 13:16:23 2025]
rule translate:
    input: results/tree.nwk, results/nt_muts.json, config/WNV_reference.gb
    output: results/aa_muts.json
    log: logs/translate.log
    jobid: 5

[Mon Jan  6 13:16:29 2025]
Finished job 5.
2 of 5 steps (40%) done

[Mon Jan  6 13:16:29 2025]
rule traits:
    input: results/tree.nwk, data/updated_metadata.tsv
    output: results/traits.json
    log: logs/traits.log
    jobid: 3

RuleException in line 135 of /home/fauverlab/nextstrain/WNV_build_test/Snakefile:
NameError: The name 'columns' is unknown in this context. Please make sure that you defined that variable. Also note that braces not used for variable access have to be escaped by repeating them, i.e. {{print $1}}
