Building DAG of jobs...
Using shell: /usr/bin/bash
Provided cores: 1 (use --cores to define parallelism)
Rules claiming more threads will be scaled down.
Job counts:
	count	jobs
	1	all
	1	ancestral
	1	export
	1	refine
	1	traits
	1	translate
	6

[Mon Jan  6 12:43:44 2025]
rule refine:
    input: results/tree_raw.nwk, results/aligned.fasta, data/updated_metadata.tsv
    output: results/tree.nwk, results/branch_lengths.json
    log: logs/refine.log
    jobid: 2

RuleException in line 73 of /home/fauverlab/nextstrain/WNV_build_test/Snakefile:
'Params' object has no attribute 'coalescent'
