Building DAG of jobs...
Using shell: /usr/bin/bash
Provided cores: 1 (use --cores to define parallelism)
Rules claiming more threads will be scaled down.
Job counts:
	count	jobs
	1	all
	1	ancestral
	1	export
	1	refine
	1	traits
	1	translate
	6

[Mon Jan  6 12:45:33 2025]
rule refine:
    input: results/tree_raw.nwk, results/aligned.fasta, data/updated_metadata.tsv
    output: results/tree.nwk, results/branch_lengths.json
    log: logs/refine.log
    jobid: 2

RuleException in line 73 of /home/fauverlab/nextstrain/WNV_build_test/Snakefile:
NameError: The name 'date_inference' is unknown in this context. Please make sure that you defined that variable. Also note that braces not used for variable access have to be escaped by repeating them, i.e. {{print $1}}
