Building DAG of jobs...
Using shell: /usr/bin/bash
Provided cores: 1 (use --cores to define parallelism)
Rules claiming more threads will be scaled down.
Job counts:
	count	jobs
	1	all
	1	ancestral
	1	export
	1	refine
	1	traits
	1	translate
	6

[Mon Jan  6 13:32:55 2025]
rule refine:
    input: results/tree_raw.nwk, results/aligned.fasta, data/updated_metadata.tsv
    output: results/tree.nwk, results/branch_lengths.json
    log: logs/refine.log
    jobid: 2

Terminating processes on user request, this might take some time.
Cancelling snakemake on user request.
